<?xml version="1.0" encoding="UTF-8"?>
<testng-results ignored="0" total="1" passed="1" failed="0" skipped="0">
  <reporter-output>
  </reporter-output>
  <suite started-at="2024-02-20T19:38:51 NZDT" name="Default suite" finished-at="2024-02-20T19:39:21 NZDT" duration-ms="29669">
    <groups>
      <group name="cucumber">
        <method signature="AbstractTestNGCucumberTests.runScenario(io.cucumber.testng.PickleWrapper,io.cucumber.testng.FeatureWrapper)[pri:0, instance:runner.RunnerforEbay@4738a206]" name="runScenario" class="io.cucumber.testng.AbstractTestNGCucumberTests"/>
      </group> <!-- cucumber -->
    </groups>
    <test started-at="2024-02-20T19:38:51 NZDT" name="Default test" finished-at="2024-02-20T19:39:21 NZDT" duration-ms="29669">
      <class name="runner.RunnerforEbay">
        <test-method is-config="true" signature="setUpClass()[pri:0, instance:runner.RunnerforEbay@4738a206]" started-at="2024-02-20T19:38:51 NZDT" name="setUpClass" finished-at="2024-02-20T19:38:52 NZDT" duration-ms="645" status="PASS">
          <reporter-output>
          </reporter-output>
        </test-method> <!-- setUpClass -->
        <test-method signature="runScenario(io.cucumber.testng.PickleWrapper,io.cucumber.testng.FeatureWrapper)[pri:0, instance:runner.RunnerforEbay@4738a206]" started-at="2024-02-20T19:38:52 NZDT" name="runScenario" description="Runs Cucumber Scenarios" data-provider="scenarios" finished-at="2024-02-20T19:39:21 NZDT" duration-ms="28454" status="PASS">
          <params>
            <param index="0">
              <value>
                <![CDATA["User should able to view the results"]]>
              </value>
            </param>
            <param index="1">
              <value>
                <![CDATA["Optional[search action]"]]>
              </value>
            </param>
          </params>
          <reporter-output>
          </reporter-output>
        </test-method> <!-- runScenario -->
        <test-method is-config="true" signature="tearDownClass()[pri:0, instance:runner.RunnerforEbay@4738a206]" started-at="2024-02-20T19:39:21 NZDT" name="tearDownClass" finished-at="2024-02-20T19:39:21 NZDT" duration-ms="505" status="PASS">
          <reporter-output>
          </reporter-output>
        </test-method> <!-- tearDownClass -->
      </class> <!-- runner.RunnerforEbay -->
    </test> <!-- Default test -->
  </suite> <!-- Default suite -->
</testng-results>
